<?xml version="1.0" encoding="UTF-8"?>
<!-- Generated by org.testng.reporters.JUnitReportReporter -->
<testsuite hostname="Nikhils-MacBook-Air.local" failures="0" tests="1" name="jenkin.SimpleTest" time="18.886" errors="0" timestamp="2023-11-30T12:50:24 IST" skipped="0">
  <testcase classname="jenkin.SimpleTest" name="simple" time="18.886"/>
  <system-out/>
</testsuite> <!-- jenkin.SimpleTest -->
