<?xml version="1.0" encoding="UTF-8"?>
<!-- Generated by org.testng.reporters.JUnitReportReporter -->
<testsuite hostname="Nikhils-MacBook-Air.local" failures="0" tests="1" name="jenkin.nikTest" time="0.010" errors="0" timestamp="2023-11-29T13:39:16 IST" skipped="0">
  <testcase classname="jenkin.nikTest" name="pooja" time="0.010"/>
  <system-out/>
</testsuite> <!-- jenkin.nikTest -->
